Using pre-set license
Built from '2020.3/staging' branch; Version is '2020.3.13f1 (71691879b7f5) revision 7432472'; Using compiler version '192528614'; Build Type 'Release'
OS: 'Windows 10 Home; OS build 19042.1415; Version 2009; 64bit' Language: 'en' Physical Memory: 16255 MB
BatchMode: 1, IsHumanControllingUs: 0, StartBugReporterOnCrash: 0, Is64bit: 1, IsPro: 0

 COMMAND LINE ARGUMENTS:
D:\Unity Projects\2020.3.13f1\Editor\Unity.exe
-adb2
-batchMode
-noUpm
-name
AssetImportWorker0
-projectPath
C:/Users/AW15R3/OneDrive/Documents/GitHub/MoveGame
-logFile
Logs/AssetImportWorker0.log
-srvPort
63472
Successfully changed project path to: C:/Users/AW15R3/OneDrive/Documents/GitHub/MoveGame
C:/Users/AW15R3/OneDrive/Documents/GitHub/MoveGame
Using Asset Import Pipeline V2.
Refreshing native plugins compatible for Editor in 46.17 ms, found 2 plugins.
Preloading 0 native plugins for Editor in 0.00 ms.
Initialize engine version: 2020.3.13f1 (71691879b7f5)
[Subsystems] Discovering subsystems at path D:/Unity Projects/2020.3.13f1/Editor/Data/Resources/UnitySubsystems
[Subsystems] Discovering subsystems at path C:/Users/AW15R3/OneDrive/Documents/GitHub/MoveGame/Assets
GfxDevice: creating device client; threaded=0
Direct3D:
    Version:  Direct3D 11.0 [level 11.1]
    Renderer: NVIDIA GeForce GTX 1060 (ID=0x1c20)
    Vendor:   
    VRAM:     6052 MB
    Driver:   27.21.14.6618
Initialize mono
Mono path[0] = 'D:/Unity Projects/2020.3.13f1/Editor/Data/Managed'
Mono path[1] = 'D:/Unity Projects/2020.3.13f1/Editor/Data/MonoBleedingEdge/lib/mono/unityjit'
Mono config path = 'D:/Unity Projects/2020.3.13f1/Editor/Data/MonoBleedingEdge/etc'
Using monoOptions --debugger-agent=transport=dt_socket,embedding=1,server=y,suspend=n,address=127.0.0.1:56972
Begin MonoManager ReloadAssembly
Registering precompiled unity dll's ...
Register platform support module: D:/Unity Projects/2020.3.13f1/Editor/Data/PlaybackEngines/WebGLSupport/UnityEditor.WebGL.Extensions.dll
Register platform support module: D:/Unity Projects/2020.3.13f1/Editor/Data/PlaybackEngines/WindowsStandaloneSupport/UnityEditor.WindowsStandalone.Extensions.dll
Registered in 0.001607 seconds.
Native extension for WindowsStandalone target not found
Native extension for WebGL target not found
Refreshing native plugins compatible for Editor in 47.12 ms, found 2 plugins.
Preloading 0 native plugins for Editor in 0.00 ms.
Mono: successfully reloaded assembly
- Completed reload, in  1.203 seconds
Platform modules already initialized, skipping
Registering precompiled user dll's ...
Registered in 0.007731 seconds.
Begin MonoManager ReloadAssembly
Native extension for WindowsStandalone target not found
Native extension for WebGL target not found
Refreshing native plugins compatible for Editor in 0.55 ms, found 2 plugins.
Preloading 0 native plugins for Editor in 0.00 ms.
Mono: successfully reloaded assembly
- Completed reload, in  1.331 seconds
Platform modules already initialized, skipping
========================================================================
Worker process is ready to serve import requests
Launched and connected shader compiler UnityShaderCompiler.exe after 0.07 seconds
Refreshing native plugins compatible for Editor in 0.46 ms, found 2 plugins.
Preloading 0 native plugins for Editor in 0.00 ms.
Unloading 1594 Unused Serialized files (Serialized files now loaded: 0)
System memory in use before: 75.1 MB.
System memory in use after: 75.2 MB.

Unloading 22 unused Assets to reduce memory usage. Loaded Objects now: 2034.
Total: 3.143100 ms (FindLiveObjects: 0.163200 ms CreateObjectMapping: 0.055700 ms MarkObjects: 2.813900 ms  DeleteObjects: 0.109200 ms)

AssetImportParameters requested are different than current active one (requested -> active):
  custom:framework-win-MediaFoundation: 216162199b28c13a410421893ffa2e32 -> 
  custom:video-decoder-ogg-theora: a1e56fd34408186e4bbccfd4996cb3dc -> 
  custom:container-muxer-webm: aa71ff27fc2769a1b78a27578f13a17b -> 
  custom:container-demuxer-webm: 4f35f7cbe854078d1ac9338744f61a02 -> 
  custom:container-demuxer-ogg: 62fdf1f143b41e24485cea50d1cbac27 -> 
  custom:video-encoder-webm-vp8: eb34c28f22e8b96e1ab97ce403110664 -> 
  custom:video-decoder-webm-vp8: 9c59270c3fd7afecdb556c50c9e8de78 -> 
  custom:audio-decoder-ogg-vorbis: bf7c407c2cedff20999df2af8eb42d56 -> 
  custom:audio-encoder-webm-vorbis: bf7c407c2cedff20999df2af8eb42d56 -> 
========================================================================
Received Import Request.
  path: Assets/Main Game/Scenes/Area 4 scenes/Area 4 Challenge 4.unity
  artifactKey: Guid(2031c872e80242746916aadd337fb705) Importer(815301076,1909f56bfc062723c751e8b465ee728b)
Start importing Assets/Main Game/Scenes/Area 4 scenes/Area 4 Challenge 4.unity using Guid(2031c872e80242746916aadd337fb705) Importer(815301076,1909f56bfc062723c751e8b465ee728b)  -> (artifact id: 'e6b0467c19359a3c447a919f758e3a03') in 0.014250 seconds 
  Import took 0.016956 seconds .

========================================================================
Received Import Request.
  Time since last request: 32.266329 seconds.
  path: Assets/Main Game/Scenes/Area 4 scenes/Area 4 Challenge 3.unity
  artifactKey: Guid(38c23b73bd5334563a9d3a9b76394ee0) Importer(815301076,1909f56bfc062723c751e8b465ee728b)
Start importing Assets/Main Game/Scenes/Area 4 scenes/Area 4 Challenge 3.unity using Guid(38c23b73bd5334563a9d3a9b76394ee0) Importer(815301076,1909f56bfc062723c751e8b465ee728b)  -> (artifact id: '0bf4e3eb796de82c6178a88d5b731908') in 0.005575 seconds 
  Import took 0.015400 seconds .

========================================================================
Received Import Request.
  Time since last request: 15.454689 seconds.
  path: Assets/Main Game/Scenes/Area 4 scenes/Area 4 Challenge 2.unity
  artifactKey: Guid(b9df27b8d7fc5624e8b517cd9386729b) Importer(815301076,1909f56bfc062723c751e8b465ee728b)
Start importing Assets/Main Game/Scenes/Area 4 scenes/Area 4 Challenge 2.unity using Guid(b9df27b8d7fc5624e8b517cd9386729b) Importer(815301076,1909f56bfc062723c751e8b465ee728b)  -> (artifact id: '6b571d9f19662a32f2af4048f0a39161') in 0.011333 seconds 
  Import took 0.021387 seconds .

========================================================================
Received Prepare
Registering precompiled user dll's ...
Registered in 0.005732 seconds.
Begin MonoManager ReloadAssembly
Native extension for WindowsStandalone target not found
Native extension for WebGL target not found
Refreshing native plugins compatible for Editor in 0.46 ms, found 2 plugins.
Preloading 0 native plugins for Editor in 0.00 ms.
Mono: successfully reloaded assembly
- Completed reload, in  1.215 seconds
Platform modules already initialized, skipping
Refreshing native plugins compatible for Editor in 0.53 ms, found 2 plugins.
Preloading 0 native plugins for Editor in 0.00 ms.
Unloading 1568 Unused Serialized files (Serialized files now loaded: 0)
System memory in use before: 73.0 MB.
System memory in use after: 73.1 MB.

Unloading 13 unused Assets to reduce memory usage. Loaded Objects now: 2037.
Total: 3.406300 ms (FindLiveObjects: 0.280100 ms CreateObjectMapping: 0.063300 ms MarkObjects: 3.011500 ms  DeleteObjects: 0.033400 ms)

AssetImportParameters requested are different than current active one (requested -> active):
  custom:framework-win-MediaFoundation: 216162199b28c13a410421893ffa2e32 -> 
  custom:video-decoder-ogg-theora: a1e56fd34408186e4bbccfd4996cb3dc -> 
  custom:container-muxer-webm: aa71ff27fc2769a1b78a27578f13a17b -> 
  custom:container-demuxer-webm: 4f35f7cbe854078d1ac9338744f61a02 -> 
  custom:container-demuxer-ogg: 62fdf1f143b41e24485cea50d1cbac27 -> 
  custom:video-encoder-webm-vp8: eb34c28f22e8b96e1ab97ce403110664 -> 
  custom:video-decoder-webm-vp8: 9c59270c3fd7afecdb556c50c9e8de78 -> 
  custom:audio-decoder-ogg-vorbis: bf7c407c2cedff20999df2af8eb42d56 -> 
  custom:audio-encoder-webm-vorbis: bf7c407c2cedff20999df2af8eb42d56 -> 
========================================================================
Received Prepare
Registering precompiled user dll's ...
Registered in 0.005341 seconds.
Begin MonoManager ReloadAssembly
Native extension for WindowsStandalone target not found
Native extension for WebGL target not found
Refreshing native plugins compatible for Editor in 0.47 ms, found 2 plugins.
Preloading 0 native plugins for Editor in 0.00 ms.
Mono: successfully reloaded assembly
- Completed reload, in  1.232 seconds
Platform modules already initialized, skipping
Refreshing native plugins compatible for Editor in 0.66 ms, found 2 plugins.
Preloading 0 native plugins for Editor in 0.00 ms.
Unloading 1568 Unused Serialized files (Serialized files now loaded: 0)
System memory in use before: 73.0 MB.
System memory in use after: 73.1 MB.

Unloading 13 unused Assets to reduce memory usage. Loaded Objects now: 2040.
Total: 2.627700 ms (FindLiveObjects: 0.210900 ms CreateObjectMapping: 0.119700 ms MarkObjects: 2.243700 ms  DeleteObjects: 0.052100 ms)

AssetImportParameters requested are different than current active one (requested -> active):
  custom:framework-win-MediaFoundation: 216162199b28c13a410421893ffa2e32 -> 
  custom:video-decoder-ogg-theora: a1e56fd34408186e4bbccfd4996cb3dc -> 
  custom:container-muxer-webm: aa71ff27fc2769a1b78a27578f13a17b -> 
  custom:container-demuxer-webm: 4f35f7cbe854078d1ac9338744f61a02 -> 
  custom:container-demuxer-ogg: 62fdf1f143b41e24485cea50d1cbac27 -> 
  custom:video-encoder-webm-vp8: eb34c28f22e8b96e1ab97ce403110664 -> 
  custom:video-decoder-webm-vp8: 9c59270c3fd7afecdb556c50c9e8de78 -> 
  custom:audio-decoder-ogg-vorbis: bf7c407c2cedff20999df2af8eb42d56 -> 
  custom:audio-encoder-webm-vorbis: bf7c407c2cedff20999df2af8eb42d56 -> 
========================================================================
Received Prepare
Registering precompiled user dll's ...
Registered in 0.006341 seconds.
Begin MonoManager ReloadAssembly
Native extension for WindowsStandalone target not found
Native extension for WebGL target not found
Refreshing native plugins compatible for Editor in 0.40 ms, found 2 plugins.
Preloading 0 native plugins for Editor in 0.00 ms.
Mono: successfully reloaded assembly
- Completed reload, in  1.196 seconds
Platform modules already initialized, skipping
Refreshing native plugins compatible for Editor in 0.62 ms, found 2 plugins.
Preloading 0 native plugins for Editor in 0.00 ms.
Unloading 1568 Unused Serialized files (Serialized files now loaded: 0)
System memory in use before: 73.0 MB.
System memory in use after: 73.2 MB.

Unloading 13 unused Assets to reduce memory usage. Loaded Objects now: 2043.
Total: 2.677600 ms (FindLiveObjects: 0.215000 ms CreateObjectMapping: 0.054300 ms MarkObjects: 2.354600 ms  DeleteObjects: 0.052400 ms)

AssetImportParameters requested are different than current active one (requested -> active):
  custom:framework-win-MediaFoundation: 216162199b28c13a410421893ffa2e32 -> 
  custom:video-decoder-ogg-theora: a1e56fd34408186e4bbccfd4996cb3dc -> 
  custom:container-muxer-webm: aa71ff27fc2769a1b78a27578f13a17b -> 
  custom:container-demuxer-webm: 4f35f7cbe854078d1ac9338744f61a02 -> 
  custom:container-demuxer-ogg: 62fdf1f143b41e24485cea50d1cbac27 -> 
  custom:video-encoder-webm-vp8: eb34c28f22e8b96e1ab97ce403110664 -> 
  custom:video-decoder-webm-vp8: 9c59270c3fd7afecdb556c50c9e8de78 -> 
  custom:audio-decoder-ogg-vorbis: bf7c407c2cedff20999df2af8eb42d56 -> 
  custom:audio-encoder-webm-vorbis: bf7c407c2cedff20999df2af8eb42d56 -> 
========================================================================
Received Import Request.
  Time since last request: 809.074906 seconds.
  path: Assets/Main Game/Scenes/DialogScreen2.unity
  artifactKey: Guid(7173559be13a8444d9a9eda976c3badf) Importer(815301076,1909f56bfc062723c751e8b465ee728b)
Start importing Assets/Main Game/Scenes/DialogScreen2.unity using Guid(7173559be13a8444d9a9eda976c3badf) Importer(815301076,1909f56bfc062723c751e8b465ee728b)  -> (artifact id: '4185688a5a69c72dac2e3c87782b6b36') in 0.024683 seconds 
  Import took 0.035642 seconds .

========================================================================
Received Import Request.
  Time since last request: 106.446593 seconds.
  path: Assets/Main Game/Sprites/stars-02.png
  artifactKey: Guid(359e7b9702bd1cd459514c9ebcd51916) Importer(815301076,1909f56bfc062723c751e8b465ee728b)
Start importing Assets/Main Game/Sprites/stars-02.png using Guid(359e7b9702bd1cd459514c9ebcd51916) Importer(815301076,1909f56bfc062723c751e8b465ee728b)  -> (artifact id: '74c0f63f6175374726e2ca839e4feac9') in 0.288153 seconds 
  Import took 0.292519 seconds .

========================================================================
Received Import Request.
  Time since last request: 0.002568 seconds.
  path: Assets/Main Game/Sprites/stars-02.png
  artifactKey: Guid(359e7b9702bd1cd459514c9ebcd51916) Importer(815301076,1909f56bfc062723c751e8b465ee728b)
Start importing Assets/Main Game/Sprites/stars-02.png using Guid(359e7b9702bd1cd459514c9ebcd51916) Importer(815301076,1909f56bfc062723c751e8b465ee728b)  -> (artifact id: '74c0f63f6175374726e2ca839e4feac9') in 0.024528 seconds 
  Import took 0.027938 seconds .

========================================================================
Received Prepare
Registering precompiled user dll's ...
Registered in 0.004949 seconds.
Begin MonoManager ReloadAssembly
Native extension for WindowsStandalone target not found
Native extension for WebGL target not found
Refreshing native plugins compatible for Editor in 0.39 ms, found 2 plugins.
Preloading 0 native plugins for Editor in 0.00 ms.
Mono: successfully reloaded assembly
- Completed reload, in  1.196 seconds
Platform modules already initialized, skipping
Refreshing native plugins compatible for Editor in 0.45 ms, found 2 plugins.
Preloading 0 native plugins for Editor in 0.00 ms.
Unloading 1568 Unused Serialized files (Serialized files now loaded: 0)
System memory in use before: 76.1 MB.
System memory in use after: 76.2 MB.

Unloading 13 unused Assets to reduce memory usage. Loaded Objects now: 2055.
Total: 2.386500 ms (FindLiveObjects: 0.175100 ms CreateObjectMapping: 0.049900 ms MarkObjects: 2.098000 ms  DeleteObjects: 0.062300 ms)

AssetImportParameters requested are different than current active one (requested -> active):
  custom:framework-win-MediaFoundation: 216162199b28c13a410421893ffa2e32 -> 
  custom:video-decoder-ogg-theora: a1e56fd34408186e4bbccfd4996cb3dc -> 
  custom:container-muxer-webm: aa71ff27fc2769a1b78a27578f13a17b -> 
  custom:container-demuxer-webm: 4f35f7cbe854078d1ac9338744f61a02 -> 
  custom:container-demuxer-ogg: 62fdf1f143b41e24485cea50d1cbac27 -> 
  custom:video-encoder-webm-vp8: eb34c28f22e8b96e1ab97ce403110664 -> 
  custom:video-decoder-webm-vp8: 9c59270c3fd7afecdb556c50c9e8de78 -> 
  custom:audio-decoder-ogg-vorbis: bf7c407c2cedff20999df2af8eb42d56 -> 
  custom:audio-encoder-webm-vorbis: bf7c407c2cedff20999df2af8eb42d56 -> 
========================================================================
Received Import Request.
  Time since last request: 309.247164 seconds.
  path: Assets/Main Game/Scenes/Area 4 scenes/Area 4 Challenge 2.unity
  artifactKey: Guid(b9df27b8d7fc5624e8b517cd9386729b) Importer(815301076,1909f56bfc062723c751e8b465ee728b)
Start importing Assets/Main Game/Scenes/Area 4 scenes/Area 4 Challenge 2.unity using Guid(b9df27b8d7fc5624e8b517cd9386729b) Importer(815301076,1909f56bfc062723c751e8b465ee728b)  -> (artifact id: '10ff48c62daf26e5edecff82f1872af2') in 0.016809 seconds 
  Import took 0.028547 seconds .

========================================================================
Received Import Request.
  Time since last request: 2.362899 seconds.
  path: Assets/Main Game/Scenes/Area 4 scenes/Area 4 Challenge 1.unity
  artifactKey: Guid(920a8f2089e0d2b4b8e7c5cea44abdab) Importer(815301076,1909f56bfc062723c751e8b465ee728b)
Start importing Assets/Main Game/Scenes/Area 4 scenes/Area 4 Challenge 1.unity using Guid(920a8f2089e0d2b4b8e7c5cea44abdab) Importer(815301076,1909f56bfc062723c751e8b465ee728b)  -> (artifact id: 'c5bd12d98c64e6cba56830e6f1575d90') in 0.008923 seconds 
  Import took 0.012437 seconds .

========================================================================
Received Import Request.
  Time since last request: 38.206069 seconds.
  path: Assets/Main Game/Scenes/Area 4 scenes/Area 4 Challenge 1.unity
  artifactKey: Guid(920a8f2089e0d2b4b8e7c5cea44abdab) Importer(815301076,1909f56bfc062723c751e8b465ee728b)
Start importing Assets/Main Game/Scenes/Area 4 scenes/Area 4 Challenge 1.unity using Guid(920a8f2089e0d2b4b8e7c5cea44abdab) Importer(815301076,1909f56bfc062723c751e8b465ee728b)  -> (artifact id: '84865f2722c91e280c42c3933351a8e4') in 0.003580 seconds 
  Import took 0.014643 seconds .

========================================================================
Received Import Request.
  Time since last request: 7.495719 seconds.
  path: Assets/Main Game/Scenes/Area 4 scenes/Area 4 Challenge 3.unity
  artifactKey: Guid(38c23b73bd5334563a9d3a9b76394ee0) Importer(815301076,1909f56bfc062723c751e8b465ee728b)
Start importing Assets/Main Game/Scenes/Area 4 scenes/Area 4 Challenge 3.unity using Guid(38c23b73bd5334563a9d3a9b76394ee0) Importer(815301076,1909f56bfc062723c751e8b465ee728b)  -> (artifact id: '9cc1f97fde00d30c13deeb26786d2e40') in 0.003615 seconds 
  Import took 0.014102 seconds .

========================================================================
Received Import Request.
  Time since last request: 5.195479 seconds.
  path: Assets/Main Game/Scenes/Area 4 scenes/Area 4 Challenge 4.unity
  artifactKey: Guid(2031c872e80242746916aadd337fb705) Importer(815301076,1909f56bfc062723c751e8b465ee728b)
Start importing Assets/Main Game/Scenes/Area 4 scenes/Area 4 Challenge 4.unity using Guid(2031c872e80242746916aadd337fb705) Importer(815301076,1909f56bfc062723c751e8b465ee728b)  -> (artifact id: '12b97c6f225932169bc32ab922c31c16') in 0.004023 seconds 
  Import took 0.014542 seconds .

========================================================================
Received Import Request.
  Time since last request: 32.141731 seconds.
  path: Assets/Main Game/Scenes/DialogScreen.unity
  artifactKey: Guid(1515c2dfb8d4fdc4e93127e31b54a734) Importer(815301076,1909f56bfc062723c751e8b465ee728b)
Start importing Assets/Main Game/Scenes/DialogScreen.unity using Guid(1515c2dfb8d4fdc4e93127e31b54a734) Importer(815301076,1909f56bfc062723c751e8b465ee728b)  -> (artifact id: '6859bd110e521282d703a594c6600c8b') in 0.011400 seconds 
  Import took 0.015596 seconds .

========================================================================
Received Import Request.
  Time since last request: 10.251274 seconds.
  path: Assets/Main Game/Scenes/DialogScreen3.unity
  artifactKey: Guid(242a64b6c43dd2a4983aba109adfb2ce) Importer(815301076,1909f56bfc062723c751e8b465ee728b)
Start importing Assets/Main Game/Scenes/DialogScreen3.unity using Guid(242a64b6c43dd2a4983aba109adfb2ce) Importer(815301076,1909f56bfc062723c751e8b465ee728b)  -> (artifact id: '17a19c0b124843e8832d410afdf3f075') in 0.008529 seconds 
  Import took 0.019371 seconds .

========================================================================
Received Import Request.
  Time since last request: 3.730790 seconds.
  path: Assets/Main Game/Scenes/Map.unity
  artifactKey: Guid(326c89b7697152544a62ccd5e8c57395) Importer(815301076,1909f56bfc062723c751e8b465ee728b)
Start importing Assets/Main Game/Scenes/Map.unity using Guid(326c89b7697152544a62ccd5e8c57395) Importer(815301076,1909f56bfc062723c751e8b465ee728b)  -> (artifact id: '42840bf8fa5ecaf9517f8c26626175ed') in 0.007990 seconds 
  Import took 0.018426 seconds .

========================================================================
Received Import Request.
  Time since last request: 6.232175 seconds.
  path: Assets/Main Game/Scenes/DialogScreen2.unity
  artifactKey: Guid(7173559be13a8444d9a9eda976c3badf) Importer(815301076,1909f56bfc062723c751e8b465ee728b)
Start importing Assets/Main Game/Scenes/DialogScreen2.unity using Guid(7173559be13a8444d9a9eda976c3badf) Importer(815301076,1909f56bfc062723c751e8b465ee728b)  -> (artifact id: 'e9dc9e1515ba1b7c7750e84c1ee39759') in 0.003076 seconds 
  Import took 0.013166 seconds .

========================================================================
Received Import Request.
  Time since last request: 0.624425 seconds.
  path: Assets/Main Game/Scenes/DialogScreen3.unity
  artifactKey: Guid(242a64b6c43dd2a4983aba109adfb2ce) Importer(815301076,1909f56bfc062723c751e8b465ee728b)
Start importing Assets/Main Game/Scenes/DialogScreen3.unity using Guid(242a64b6c43dd2a4983aba109adfb2ce) Importer(815301076,1909f56bfc062723c751e8b465ee728b)  -> (artifact id: 'ce65feb255b1a9195fd20b6db8a4afe4') in 0.003589 seconds 
  Import took 0.013820 seconds .

========================================================================
Received Import Request.
  Time since last request: 33.633659 seconds.
  path: Assets/Main Game/Scenes/Area 4 scenes/Area 4 Challenge 2.unity
  artifactKey: Guid(b9df27b8d7fc5624e8b517cd9386729b) Importer(815301076,1909f56bfc062723c751e8b465ee728b)
Start importing Assets/Main Game/Scenes/Area 4 scenes/Area 4 Challenge 2.unity using Guid(b9df27b8d7fc5624e8b517cd9386729b) Importer(815301076,1909f56bfc062723c751e8b465ee728b)  -> (artifact id: '1248a32b296948267847cf9f1de28804') in 0.004047 seconds 
  Import took 0.007805 seconds .

========================================================================
Received Import Request.
  Time since last request: 26.399320 seconds.
  path: Assets/Main Game/Scenes/Area 4 scenes/Area 4 Challenge 3.unity
  artifactKey: Guid(38c23b73bd5334563a9d3a9b76394ee0) Importer(815301076,1909f56bfc062723c751e8b465ee728b)
Start importing Assets/Main Game/Scenes/Area 4 scenes/Area 4 Challenge 3.unity using Guid(38c23b73bd5334563a9d3a9b76394ee0) Importer(815301076,1909f56bfc062723c751e8b465ee728b)  -> (artifact id: '4cbc5cc0b4352d16acb1681f3bcdf0a5') in 0.004031 seconds 
  Import took 0.014657 seconds .

========================================================================
Received Import Request.
  Time since last request: 3.647943 seconds.
  path: Assets/Main Game/Scenes/Area 4 scenes/Area 4 Challenge 4.unity
  artifactKey: Guid(2031c872e80242746916aadd337fb705) Importer(815301076,1909f56bfc062723c751e8b465ee728b)
Start importing Assets/Main Game/Scenes/Area 4 scenes/Area 4 Challenge 4.unity using Guid(2031c872e80242746916aadd337fb705) Importer(815301076,1909f56bfc062723c751e8b465ee728b)  -> (artifact id: '4ff706900674c3f872475814a09d5e98') in 0.003523 seconds 
  Import took 0.014910 seconds .

========================================================================
Received Import Request.
  Time since last request: 34.674914 seconds.
  path: Assets/Main Game/Scenes/Area 4 scenes/Area 4 Challenge 1.unity
  artifactKey: Guid(920a8f2089e0d2b4b8e7c5cea44abdab) Importer(815301076,1909f56bfc062723c751e8b465ee728b)
Start importing Assets/Main Game/Scenes/Area 4 scenes/Area 4 Challenge 1.unity using Guid(920a8f2089e0d2b4b8e7c5cea44abdab) Importer(815301076,1909f56bfc062723c751e8b465ee728b)  -> (artifact id: '86ef309f611d59d7c94f4d54465c60eb') in 0.003670 seconds 
  Import took 0.013846 seconds .

========================================================================
Received Import Request.
  Time since last request: 13.845983 seconds.
  path: Assets/Main Game/Scenes/Area 4 scenes/Area 4 Challenge 2.unity
  artifactKey: Guid(b9df27b8d7fc5624e8b517cd9386729b) Importer(815301076,1909f56bfc062723c751e8b465ee728b)
Start importing Assets/Main Game/Scenes/Area 4 scenes/Area 4 Challenge 2.unity using Guid(b9df27b8d7fc5624e8b517cd9386729b) Importer(815301076,1909f56bfc062723c751e8b465ee728b)  -> (artifact id: '73dab831e99d9e4cbe6b0b2394c8475c') in 0.003516 seconds 
  Import took 0.013773 seconds .

========================================================================
Received Import Request.
  Time since last request: 141.861061 seconds.
  path: Assets/Main Game/Scenes/Area 4 scenes/Area 4 Challenge 2.unity
  artifactKey: Guid(b9df27b8d7fc5624e8b517cd9386729b) Importer(815301076,1909f56bfc062723c751e8b465ee728b)
Start importing Assets/Main Game/Scenes/Area 4 scenes/Area 4 Challenge 2.unity using Guid(b9df27b8d7fc5624e8b517cd9386729b) Importer(815301076,1909f56bfc062723c751e8b465ee728b)  -> (artifact id: '2ee9e20d77fc7d32043edcfd25ac43e3') in 0.003455 seconds 
  Import took 0.014449 seconds .

========================================================================
Received Import Request.
  Time since last request: 73.138582 seconds.
  path: Assets/Main Game/Scenes/Area 4 scenes/Area 4 Challenge 4.unity
  artifactKey: Guid(2031c872e80242746916aadd337fb705) Importer(815301076,1909f56bfc062723c751e8b465ee728b)
Start importing Assets/Main Game/Scenes/Area 4 scenes/Area 4 Challenge 4.unity using Guid(2031c872e80242746916aadd337fb705) Importer(815301076,1909f56bfc062723c751e8b465ee728b)  -> (artifact id: '9f8ca3eec3d469241952713a3470a636') in 0.003744 seconds 
  Import took 0.014414 seconds .

========================================================================
Received Prepare
Registering precompiled user dll's ...
Registered in 0.006876 seconds.
Begin MonoManager ReloadAssembly
Native extension for WindowsStandalone target not found
Native extension for WebGL target not found
Refreshing native plugins compatible for Editor in 0.47 ms, found 2 plugins.
Preloading 0 native plugins for Editor in 0.00 ms.
Mono: successfully reloaded assembly
- Completed reload, in  1.321 seconds
Platform modules already initialized, skipping
Refreshing native plugins compatible for Editor in 0.47 ms, found 2 plugins.
Preloading 0 native plugins for Editor in 0.00 ms.
Unloading 1568 Unused Serialized files (Serialized files now loaded: 0)
System memory in use before: 76.2 MB.
System memory in use after: 76.3 MB.

Unloading 13 unused Assets to reduce memory usage. Loaded Objects now: 2058.
Total: 3.373000 ms (FindLiveObjects: 0.169800 ms CreateObjectMapping: 0.107500 ms MarkObjects: 3.055700 ms  DeleteObjects: 0.037900 ms)

AssetImportParameters requested are different than current active one (requested -> active):
  custom:framework-win-MediaFoundation: 216162199b28c13a410421893ffa2e32 -> 
  custom:video-decoder-ogg-theora: a1e56fd34408186e4bbccfd4996cb3dc -> 
  custom:container-muxer-webm: aa71ff27fc2769a1b78a27578f13a17b -> 
  custom:container-demuxer-webm: 4f35f7cbe854078d1ac9338744f61a02 -> 
  custom:container-demuxer-ogg: 62fdf1f143b41e24485cea50d1cbac27 -> 
  custom:video-encoder-webm-vp8: eb34c28f22e8b96e1ab97ce403110664 -> 
  custom:video-decoder-webm-vp8: 9c59270c3fd7afecdb556c50c9e8de78 -> 
  custom:audio-decoder-ogg-vorbis: bf7c407c2cedff20999df2af8eb42d56 -> 
  custom:audio-encoder-webm-vorbis: bf7c407c2cedff20999df2af8eb42d56 -> 
========================================================================
Received Prepare
Registering precompiled user dll's ...
Registered in 0.006958 seconds.
Begin MonoManager ReloadAssembly
Native extension for WindowsStandalone target not found
Native extension for WebGL target not found
Refreshing native plugins compatible for Editor in 0.53 ms, found 2 plugins.
Preloading 0 native plugins for Editor in 0.00 ms.
Mono: successfully reloaded assembly
- Completed reload, in  1.198 seconds
Platform modules already initialized, skipping
Refreshing native plugins compatible for Editor in 0.45 ms, found 2 plugins.
Preloading 0 native plugins for Editor in 0.00 ms.
Unloading 1568 Unused Serialized files (Serialized files now loaded: 0)
System memory in use before: 76.2 MB.
System memory in use after: 76.3 MB.

Unloading 13 unused Assets to reduce memory usage. Loaded Objects now: 2061.
Total: 2.638400 ms (FindLiveObjects: 0.178400 ms CreateObjectMapping: 0.051400 ms MarkObjects: 2.344100 ms  DeleteObjects: 0.063600 ms)

AssetImportParameters requested are different than current active one (requested -> active):
  custom:framework-win-MediaFoundation: 216162199b28c13a410421893ffa2e32 -> 
  custom:video-decoder-ogg-theora: a1e56fd34408186e4bbccfd4996cb3dc -> 
  custom:container-muxer-webm: aa71ff27fc2769a1b78a27578f13a17b -> 
  custom:container-demuxer-webm: 4f35f7cbe854078d1ac9338744f61a02 -> 
  custom:container-demuxer-ogg: 62fdf1f143b41e24485cea50d1cbac27 -> 
  custom:video-encoder-webm-vp8: eb34c28f22e8b96e1ab97ce403110664 -> 
  custom:video-decoder-webm-vp8: 9c59270c3fd7afecdb556c50c9e8de78 -> 
  custom:audio-decoder-ogg-vorbis: bf7c407c2cedff20999df2af8eb42d56 -> 
  custom:audio-encoder-webm-vorbis: bf7c407c2cedff20999df2af8eb42d56 -> 
========================================================================
Received Prepare
Registering precompiled user dll's ...
Registered in 0.006070 seconds.
Begin MonoManager ReloadAssembly
Native extension for WindowsStandalone target not found
Native extension for WebGL target not found
Refreshing native plugins compatible for Editor in 0.40 ms, found 2 plugins.
Preloading 0 native plugins for Editor in 0.00 ms.
Mono: successfully reloaded assembly
- Completed reload, in  1.175 seconds
Platform modules already initialized, skipping
Refreshing native plugins compatible for Editor in 0.80 ms, found 2 plugins.
Preloading 0 native plugins for Editor in 0.00 ms.
Unloading 1568 Unused Serialized files (Serialized files now loaded: 0)
System memory in use before: 76.3 MB.
System memory in use after: 76.4 MB.

Unloading 13 unused Assets to reduce memory usage. Loaded Objects now: 2064.
Total: 2.249800 ms (FindLiveObjects: 0.169600 ms CreateObjectMapping: 0.053500 ms MarkObjects: 2.005600 ms  DeleteObjects: 0.019500 ms)

AssetImportParameters requested are different than current active one (requested -> active):
  custom:framework-win-MediaFoundation: 216162199b28c13a410421893ffa2e32 -> 
  custom:video-decoder-ogg-theora: a1e56fd34408186e4bbccfd4996cb3dc -> 
  custom:container-muxer-webm: aa71ff27fc2769a1b78a27578f13a17b -> 
  custom:container-demuxer-webm: 4f35f7cbe854078d1ac9338744f61a02 -> 
  custom:container-demuxer-ogg: 62fdf1f143b41e24485cea50d1cbac27 -> 
  custom:video-encoder-webm-vp8: eb34c28f22e8b96e1ab97ce403110664 -> 
  custom:video-decoder-webm-vp8: 9c59270c3fd7afecdb556c50c9e8de78 -> 
  custom:audio-decoder-ogg-vorbis: bf7c407c2cedff20999df2af8eb42d56 -> 
  custom:audio-encoder-webm-vorbis: bf7c407c2cedff20999df2af8eb42d56 -> 
========================================================================
Received Prepare
Refreshing native plugins compatible for Editor in 3.64 ms, found 2 plugins.
Preloading 0 native plugins for Editor in 0.00 ms.
Unloading 11 Unused Serialized files (Serialized files now loaded: 0)
System memory in use before: 45.4 MB.
System memory in use after: 45.5 MB.

Unloading 11 unused Assets to reduce memory usage. Loaded Objects now: 2064.
Total: 3.075800 ms (FindLiveObjects: 0.189300 ms CreateObjectMapping: 0.051700 ms MarkObjects: 2.796600 ms  DeleteObjects: 0.037200 ms)

AssetImportParameters requested are different than current active one (requested -> active):
  custom:framework-win-MediaFoundation: 216162199b28c13a410421893ffa2e32 -> 
  custom:video-decoder-ogg-theora: a1e56fd34408186e4bbccfd4996cb3dc -> 
  custom:container-muxer-webm: aa71ff27fc2769a1b78a27578f13a17b -> 
  custom:container-demuxer-webm: 4f35f7cbe854078d1ac9338744f61a02 -> 
  custom:container-demuxer-ogg: 62fdf1f143b41e24485cea50d1cbac27 -> 
  custom:video-encoder-webm-vp8: eb34c28f22e8b96e1ab97ce403110664 -> 
  custom:video-decoder-webm-vp8: 9c59270c3fd7afecdb556c50c9e8de78 -> 
  custom:audio-decoder-ogg-vorbis: bf7c407c2cedff20999df2af8eb42d56 -> 
  custom:audio-encoder-webm-vorbis: bf7c407c2cedff20999df2af8eb42d56 -> 
